[INFO] [base] - Cutthroat, Discord Convict
[INFO] [base] - Follower
[INFO] [base] - Finished iteration ['Bane', '.', '\n']
[INFO] [base] - Modified baseEffectString ['Enhance', '(', '7', ')', '-', 'Gain', '+', '5', '/', '+', '5', '.', 'Deal', '5', 'damage', 'to', 'an', 'enemy', 'follower', 'and', 'then', 'the', 'enemy', 'leader', '.', '\n', 'Enhance', '(', '9', ')', ':', 'Gain', '+', '10', '/', '+', '10', 'and', 'deal', '10', 'damage', 'instead', '.']
[INFO] [base.subeffect] - Parsing subeffects with Tokens ['Enhance', '(', '7', ')', '-', 'Gain', '+', '5', '/', '+', '5', '.', 'Deal', '5', 'damage', 'to', 'an', 'enemy', 'follower', 'and', 'then', 'the', 'enemy', 'leader', '.', '\n', 'Enhance', '(', '9', ')', ':', 'Gain', '+', '10', '/', '+', '10', 'and', 'deal', '10', 'damage', 'instead', '.']
[INFO] [base.subeffect] - Starting new loop of effect parsing
[INFO] [base.subeffect.alternativeCosts] - Found alternativeCost Enhance for with ['Enhance', '(', '7', ')', '-', 'Gain', '+', '5', '/', '+', '5', '.', 'Deal', '5', 'damage', 'to', 'an', 'enemy', 'follower', 'and', 'then', 'the', 'enemy', 'leader', '.', '\n']
[INFO] [base.subeffect.alternativeCosts] - Entering subeffect for Enhance
[INFO] [base.subeffect.alternativeCosts.subeffect] - Parsing subeffects with Tokens ['-', 'Gain', '+', '5', '/', '+', '5', '.', 'Deal', '5', 'damage', 'to', 'an', 'enemy', 'follower', 'and', 'then', 'the', 'enemy', 'leader', '.', '\n']
[INFO] [base.subeffect.alternativeCosts.subeffect] - Starting new loop of effect parsing
[INFO] [base.subeffect.alternativeCosts.subeffect] - Starting new loop of effect parsing
[INFO] [base.subeffect.alternativeCosts.subeffect.Gain] - Entered gain ['Gain', '+', '5', '/', '+', '5', '.', 'Deal', '5', 'damage', 'to', 'an', 'enemy', 'follower', 'and', 'then', 'the', 'enemy', 'leader', '.', '\n']
[INFO] [base.subeffect.alternativeCosts.subeffect.Gain.parseGain.statChange] - Entering stat change ['+', '5', '/', '+', '5', '.', 'Deal', '5', 'damage', 'to', 'an', 'enemy', 'follower', 'and', 'then', 'the', 'enemy', 'leader', '.', '\n']
[INFO] [base.subeffect.alternativeCosts.subeffect] - Found {'type': 'Gain', 'effects': [{'type': 'StatChange', 'operation': '+', 'amount': '5'}, {'type': 'StatChange', 'operation': '+', 'amount': '5'}]}
[INFO] [base.subeffect.alternativeCosts.subeffect] - Exiting with tokens: []
[INFO] [base.subeffect] - Found {'type': 'Enhance', 'cost': '7', 'effects': [{'type': 'Gain', 'effects': [{'type': 'StatChange', 'operation': '+', 'amount': '5'}, {'type': 'StatChange', 'operation': '+', 'amount': '5'}]}]}
[INFO] [base.subeffect] - Starting new loop of effect parsing
[INFO] [base.subeffect.alternativeCosts] - Found alternativeCost Enhance for with ['Enhance', '(', '9', ')', ':', 'Gain', '+', '10', '/', '+', '10', 'and', 'deal', '10', 'damage', 'instead', '.']
[INFO] [base.subeffect.alternativeCosts] - Entering subeffect for Enhance
[INFO] [base.subeffect.alternativeCosts.subeffect] - Parsing subeffects with Tokens [':', 'Gain', '+', '10', '/', '+', '10', 'and', 'deal', '10', 'damage', 'instead', '.']
[INFO] [base.subeffect.alternativeCosts.subeffect] - Starting new loop of effect parsing
[INFO] [base.subeffect.alternativeCosts.subeffect] - Starting new loop of effect parsing
[INFO] [base.subeffect.alternativeCosts.subeffect.Gain] - Entered gain ['Gain', '+', '10', '/', '+', '10', 'and', 'deal', '10', 'damage', 'instead', '.']
[INFO] [base.subeffect.alternativeCosts.subeffect.Gain.parseGain.statChange] - Entering stat change ['+', '10', '/', '+', '10', 'and', 'deal', '10', 'damage', 'instead', '.']
[INFO] [base.subeffect.alternativeCosts.subeffect] - Found {'type': 'Gain', 'effects': [{'type': 'StatChange', 'operation': '+', 'amount': '10'}, {'type': 'StatChange', 'operation': '+', 'amount': '10'}]}
[INFO] [base.subeffect.alternativeCosts.subeffect] - Exiting with tokens: []
[INFO] [base.subeffect] - Found {'type': 'Enhance', 'cost': '9', 'effects': [{'type': 'Gain', 'effects': [{'type': 'StatChange', 'operation': '+', 'amount': '10'}, {'type': 'StatChange', 'operation': '+', 'amount': '10'}]}]}
[INFO] [base.subeffect] - Exiting with tokens: []
[INFO] [base] - Finished iteration ['Fanfare', ':', 'Enhance', '(', '7', ')', '-', 'Gain', '+', '5', '/', '+', '5', '.', 'Deal', '5', 'damage', 'to', 'an', 'enemy', 'follower', 'and', 'then', 'the', 'enemy', 'leader', '.', '\n']
[INFO] [base] - [
    {
        "type": "Bane"
    },
    {
        "type": "Fanfare",
        "effects": [
            {
                "type": "Enhance",
                "cost": "7",
                "effects": [
                    {
                        "type": "Gain",
                        "effects": [
                            {
                                "type": "StatChange",
                                "operation": "+",
                                "amount": "5"
                            },
                            {
                                "type": "StatChange",
                                "operation": "+",
                                "amount": "5"
                            }
                        ]
                    }
                ]
            },
            {
                "type": "Enhance",
                "cost": "9",
                "effects": [
                    {
                        "type": "Gain",
                        "effects": [
                            {
                                "type": "StatChange",
                                "operation": "+",
                                "amount": "10"
                            },
                            {
                                "type": "StatChange",
                                "operation": "+",
                                "amount": "10"
                            }
                        ]
                    }
                ]
            }
        ]
    }
]
[INFO] [base] - Judith, Cosmic Observer
[INFO] [base] - Follower
[INFO] [base] - Modified baseEffectString ['Enhance', '(', '3', ')', '-', 'Destroy', 'a', 'random', 'enemy', 'follower', '.', '\n', 'Enhance', '(', '4', ')', ':', 'Draw', 'a', 'card', '.', '\n']
[INFO] [base] - Modified baseEffectString ['Enhance', '(', '3', ')', '-', 'Destroy', 'a', 'random', 'enemy', 'follower', '.', '\n', 'Enhance', '(', '4', ')', ':', 'Draw', 'a', 'card', '.', '\n', 'Enhance', '(', '5', ')', ':', 'Restore', '2', 'defense', 'to', 'your', 'leader', '.', '\n']
[INFO] [base] - Modified baseEffectString ['Enhance', '(', '3', ')', '-', 'Destroy', 'a', 'random', 'enemy', 'follower', '.', '\n', 'Enhance', '(', '4', ')', ':', 'Draw', 'a', 'card', '.', '\n', 'Enhance', '(', '5', ')', ':', 'Restore', '2', 'defense', 'to', 'your', 'leader', '.', '\n', 'Enhance', '(', '6', ')', ':', 'Give', 'your', 'leader', 'the', 'following', 'effect', '-', 'The', 'next', 'time', 'your', 'leader', 'takes', 'damage', ',', 'reduce', 'that', 'damage', 'to', '0', '.', '\n']
[INFO] [base] - Modified baseEffectString ['Enhance', '(', '3', ')', '-', 'Destroy', 'a', 'random', 'enemy', 'follower', '.', '\n', 'Enhance', '(', '4', ')', ':', 'Draw', 'a', 'card', '.', '\n', 'Enhance', '(', '5', ')', ':', 'Restore', '2', 'defense', 'to', 'your', 'leader', '.', '\n', 'Enhance', '(', '6', ')', ':', 'Give', 'your', 'leader', 'the', 'following', 'effect', '-', 'The', 'next', 'time', 'your', 'leader', 'takes', 'damage', ',', 'reduce', 'that', 'damage', 'to', '0', '.', '\n', 'Enhance', '(', '7', ')', ':', 'Gain', 'Storm', 'and', 'evolve', 'this', 'follower', '.']
[INFO] [base.subeffect] - Parsing subeffects with Tokens ['Enhance', '(', '3', ')', '-', 'Destroy', 'a', 'random', 'enemy', 'follower', '.', '\n', 'Enhance', '(', '4', ')', ':', 'Draw', 'a', 'card', '.', '\n', 'Enhance', '(', '5', ')', ':', 'Restore', '2', 'defense', 'to', 'your', 'leader', '.', '\n', 'Enhance', '(', '6', ')', ':', 'Give', 'your', 'leader', 'the', 'following', 'effect', '-', 'The', 'next', 'time', 'your', 'leader', 'takes', 'damage', ',', 'reduce', 'that', 'damage', 'to', '0', '.', '\n', 'Enhance', '(', '7', ')', ':', 'Gain', 'Storm', 'and', 'evolve', 'this', 'follower', '.']
[INFO] [base.subeffect] - Starting new loop of effect parsing
[INFO] [base.subeffect.alternativeCosts] - Found alternativeCost Enhance for with ['Enhance', '(', '3', ')', '-', 'Destroy', 'a', 'random', 'enemy', 'follower', '.', '\n']
[INFO] [base.subeffect.alternativeCosts] - Entering subeffect for Enhance
[INFO] [base.subeffect.alternativeCosts.subeffect] - Parsing subeffects with Tokens ['-', 'Destroy', 'a', 'random', 'enemy', 'follower', '.', '\n']
[INFO] [base.subeffect.alternativeCosts.subeffect] - Starting new loop of effect parsing
[INFO] [base.subeffect.alternativeCosts.subeffect] - Starting new loop of effect parsing
[INFO] [base.subeffect.alternativeCosts.subeffect.removal] - Entering removal with ['Destroy', 'a', 'random', 'enemy', 'follower', '.', '\n']
[INFO] [base.subeffect.alternativeCosts.subeffect] - Found {'type': 'Destroy', 'effects': {'quantifier': 'a', 'user': 'random', 'targets': 'enemy'}}
[INFO] [base.subeffect.alternativeCosts.subeffect] - Starting new loop of effect parsing
[INFO] [base.subeffect.alternativeCosts.subeffect] - Starting new loop of effect parsing
[INFO] [base.subeffect.alternativeCosts.subeffect] - Starting new loop of effect parsing
[INFO] [base.subeffect.alternativeCosts.subeffect] - Starting new loop of effect parsing
[INFO] [base.subeffect.alternativeCosts.subeffect] - Starting new loop of effect parsing
[INFO] [base.subeffect.alternativeCosts.subeffect] - Exiting with tokens: []
[INFO] [base.subeffect] - Found {'type': 'Enhance', 'cost': '3', 'effects': [{'type': 'Destroy', 'effects': {'quantifier': 'a', 'user': 'random', 'targets': 'enemy'}}]}
[INFO] [base.subeffect] - Starting new loop of effect parsing
[INFO] [base.subeffect.alternativeCosts] - Found alternativeCost Enhance for with ['Enhance', '(', '4', ')', ':', 'Draw', 'a', 'card', '.', '\n']
[INFO] [base.subeffect.alternativeCosts] - Entering subeffect for Enhance
[INFO] [base.subeffect.alternativeCosts.subeffect] - Parsing subeffects with Tokens [':', 'Draw', 'a', 'card', '.', '\n']
[INFO] [base.subeffect.alternativeCosts.subeffect] - Starting new loop of effect parsing
[INFO] [base.subeffect.alternativeCosts.subeffect] - Starting new loop of effect parsing
[INFO] [base.subeffect.alternativeCosts.subeffect.Draw] - Entering draw with ['Draw', 'a', 'card', '.', '\n']
[INFO] [base.subeffect.alternativeCosts.subeffect] - Found {'type': 'Draw', 'effects': {'quantifier': 'a'}}
[INFO] [base.subeffect.alternativeCosts.subeffect] - Starting new loop of effect parsing
[INFO] [base.subeffect.alternativeCosts.subeffect] - Exiting with tokens: []
[INFO] [base.subeffect] - Found {'type': 'Enhance', 'cost': '4', 'effects': [{'type': 'Draw', 'effects': {'quantifier': 'a'}}]}
[INFO] [base.subeffect] - Starting new loop of effect parsing
[INFO] [base.subeffect.alternativeCosts] - Found alternativeCost Enhance for with ['Enhance', '(', '5', ')', ':', 'Restore', '2', 'defense', 'to', 'your', 'leader', '.', '\n']
[INFO] [base.subeffect.alternativeCosts] - Entering subeffect for Enhance
[INFO] [base.subeffect.alternativeCosts.subeffect] - Parsing subeffects with Tokens [':', 'Restore', '2', 'defense', 'to', 'your', 'leader', '.', '\n']
[INFO] [base.subeffect.alternativeCosts.subeffect] - Starting new loop of effect parsing
[INFO] [base.subeffect.alternativeCosts.subeffect] - Starting new loop of effect parsing
[INFO] [base.subeffect.alternativeCosts.subeffect.Restore.changeHealth] - Damage tokens after target checks: ['.', '\n']
[WARNING] [base.subeffect.alternativeCosts.subeffect.Restore.changeHealth] - Encountered unexpected
[WARNING] [base.subeffect.alternativeCosts.subeffect.Restore.changeHealth] - {'amount': '2', 'targets': 'leader', 'times': 1, 'and': {}, 'quantifer': 'your', 'user': 'leader'}
[WARNING] [base.subeffect.alternativeCosts.subeffect.Restore.changeHealth] - ['.', '\n']
[INFO] [base.subeffect.alternativeCosts.subeffect.Restore.changeHealth] - Leaving changeHealth with Tokens ['.', '\n']
[INFO] [base.subeffect.alternativeCosts.subeffect] - Found {'type': 'Restore', 'effects': {'amount': '2', 'targets': 'leader', 'times': 1, 'and': {}, 'quantifer': 'your', 'user': 'leader'}}
[INFO] [base.subeffect.alternativeCosts.subeffect] - Starting new loop of effect parsing
[INFO] [base.subeffect.alternativeCosts.subeffect] - Exiting with tokens: []
[INFO] [base.subeffect] - Found {'type': 'Enhance', 'cost': '5', 'effects': [{'type': 'Restore', 'effects': {'amount': '2', 'targets': 'leader', 'times': 1, 'and': {}, 'quantifer': 'your', 'user': 'leader'}}]}
[INFO] [base.subeffect] - Starting new loop of effect parsing
[INFO] [base.subeffect.alternativeCosts] - Found alternativeCost Enhance for with ['Enhance', '(', '6', ')', ':', 'Give', 'your', 'leader', 'the', 'following', 'effect', '-', 'The', 'next', 'time', 'your', 'leader', 'takes', 'damage', ',', 'reduce', 'that', 'damage', 'to', '0', '.', '\n']
[INFO] [base.subeffect.alternativeCosts] - Entering subeffect for Enhance
[INFO] [base.subeffect.alternativeCosts.subeffect] - Parsing subeffects with Tokens [':', 'Give', 'your', 'leader', 'the', 'following', 'effect', '-', 'The', 'next', 'time', 'your', 'leader', 'takes', 'damage', ',', 'reduce', 'that', 'damage', 'to', '0', '.', '\n']
[INFO] [base.subeffect.alternativeCosts.subeffect] - Starting new loop of effect parsing
[INFO] [base.subeffect.alternativeCosts.subeffect] - Starting new loop of effect parsing
[INFO] [base.subeffect.alternativeCosts.subeffect.Give] - Entered give ['Give', 'your', 'leader', 'the', 'following', 'effect', '-', 'The', 'next', 'time', 'your', 'leader', 'takes', 'damage', ',', 'reduce', 'that', 'damage', 'to', '0', '.', '\n']
[WARNING] [base.subeffect.alternativeCosts.subeffect.Give.parseGain] - Found Unknown ['your', 'leader', 'the', 'following', 'effect', '-', 'The', 'next', 'time', 'your', 'leader', 'takes', 'damage', ',', 'reduce', 'that', 'damage', 'to']
[INFO] [base.subeffect.alternativeCosts.subeffect] - Found {'type': 'Give', 'effects': [[]]}
[INFO] [base.subeffect.alternativeCosts.subeffect] - Starting new loop of effect parsing
[INFO] [base.subeffect.alternativeCosts.subeffect] - Exiting with tokens: []
[INFO] [base.subeffect] - Found {'type': 'Enhance', 'cost': '6', 'effects': [{'type': 'Give', 'effects': [[]]}]}
[INFO] [base.subeffect] - Starting new loop of effect parsing
[INFO] [base.subeffect.alternativeCosts] - Found alternativeCost Enhance for with ['Enhance', '(', '7', ')', ':', 'Gain', 'Storm', 'and', 'evolve', 'this', 'follower', '.']
[INFO] [base.subeffect.alternativeCosts] - Entering subeffect for Enhance
[INFO] [base.subeffect.alternativeCosts.subeffect] - Parsing subeffects with Tokens [':', 'Gain', 'Storm', 'and', 'evolve', 'this', 'follower', '.']
[INFO] [base.subeffect.alternativeCosts.subeffect] - Starting new loop of effect parsing
[INFO] [base.subeffect.alternativeCosts.subeffect] - Starting new loop of effect parsing
[INFO] [base.subeffect.alternativeCosts.subeffect.Gain] - Entered gain ['Gain', 'Storm', 'and', 'evolve', 'this', 'follower', '.']
[WARNING] [base.subeffect.alternativeCosts.subeffect.Gain.parseGain] - Found Unknown ['and', 'evolve', 'this', 'follower', '.']
[INFO] [base.subeffect.alternativeCosts.subeffect] - Found {'type': 'Gain', 'effects': [{'type': 'Storm'}]}
[INFO] [base.subeffect.alternativeCosts.subeffect] - Exiting with tokens: []
[INFO] [base.subeffect] - Found {'type': 'Enhance', 'cost': '7', 'effects': [{'type': 'Gain', 'effects': [{'type': 'Storm'}]}]}
[INFO] [base.subeffect] - Exiting with tokens: []
[INFO] [base] - Finished iteration ['Fanfare', ':', 'Enhance', '(', '3', ')', '-', 'Destroy', 'a', 'random', 'enemy', 'follower', '.', '\n']
[INFO] [base] - [
    {
        "type": "Fanfare",
        "effects": [
            {
                "type": "Enhance",
                "cost": "3",
                "effects": [
                    {
                        "type": "Destroy",
                        "effects": {
                            "quantifier": "a",
                            "user": "random",
                            "targets": "enemy"
                        }
                    }
                ]
            },
            {
                "type": "Enhance",
                "cost": "4",
                "effects": [
                    {
                        "type": "Draw",
                        "effects": {
                            "quantifier": "a"
                        }
                    }
                ]
            },
            {
                "type": "Enhance",
                "cost": "5",
                "effects": [
                    {
                        "type": "Restore",
                        "effects": {
                            "amount": "2",
                            "targets": "leader",
                            "times": 1,
                            "and": {},
                            "quantifer": "your",
                            "user": "leader"
                        }
                    }
                ]
            },
            {
                "type": "Enhance",
                "cost": "6",
                "effects": [
                    {
                        "type": "Give",
                        "effects": [
                            []
                        ]
                    }
                ]
            },
            {
                "type": "Enhance",
                "cost": "7",
                "effects": [
                    {
                        "type": "Gain",
                        "effects": [
                            {
                                "type": "Storm"
                            }
                        ]
                    }
                ]
            }
        ]
    }
]
[INFO] [base] - Orchis, the Limitless
[INFO] [base] - Follower
[INFO] [base.Fusion] - Entering fusion with ['Fusion', ':', 'Puppets', '\n']
[INFO] [base] - Finished iteration ['Fusion', ':', 'Puppets', '\n']
[INFO] [base.condition] - Entered conditions with tokens ['cards', 'are', 'fused', 'to', 'this', 'card', ',', 'summon', 'a', 'Puppet', 'and', 'give', 'it', '+', '1', '/', '+', '0', '.', '\n']
[INFO] [base.condition] - After Popping ['summon', 'a', 'Puppet', 'and', 'give', 'it', '+', '1', '/', '+', '0', '.', '\n']
[INFO] [base] - Parsing if subeffect ['summon', 'a', 'Puppet', 'and', 'give', 'it', '+', '1', '/', '+', '0']
[INFO] [base.subeffect] - Parsing subeffects with Tokens ['summon', 'a', 'Puppet', 'and', 'give', 'it', '+', '1', '/', '+', '0']
[INFO] [base.subeffect] - Starting new loop of effect parsing
[INFO] [base.subeffect.Summon] - Entered with tokens ['summon', 'a', 'Puppet', 'and', 'give', 'it', '+', '1', '/', '+', '0']
[INFO] [base.subeffect.Summon.parseCards] - Entered with tokens: ['a', 'Puppet', 'and', 'give', 'it', '+', '1', '/', '+', '0']
[INFO] [base.subeffect.Summon.parseCards] - Unit stack ['Puppet']
[INFO] [base.subeffect.Summon.parseCards] - Card has a trigger ['give', 'it', '+', '1', '/', '+', '0']
[INFO] [base.subeffect.Summon.parseCards.subeffect] - Parsing subeffects with Tokens ['give', 'it', '+', '1', '/', '+', '0']
[INFO] [base.subeffect.Summon.parseCards.subeffect] - Starting new loop of effect parsing
[INFO] [base.subeffect.Summon.parseCards.subeffect.Give] - Entered give ['give', 'it', '+', '1', '/', '+', '0']
[INFO] [base.subeffect.Summon.parseCards.subeffect.Give.parseGain.statChange] - Entering stat change ['+', '1', '/', '+', '0']
[INFO] [base.subeffect.Summon.parseCards.subeffect] - Found {'type': 'Give', 'effects': [[{'type': 'StatChange', 'operation': '+', 'amount': '1'}, {'type': 'StatChange', 'operation': '+', 'amount': '0'}]], 'target': 'parent'}
[INFO] [base.subeffect.Summon.parseCards.subeffect] - Exiting with tokens: []
[INFO] [base.subeffect] - Found {'type': 'Summon', 'effects': [{'quantifer': 'a', 'type': 'NamedCard', 'cardname': 'Puppet', 'effects': [{'type': 'Give', 'effects': [[{'type': 'StatChange', 'operation': '+', 'amount': '1'}, {'type': 'StatChange', 'operation': '+', 'amount': '0'}]], 'target': 'parent'}]}]}
[INFO] [base.subeffect] - Exiting with tokens: []
[INFO] [base] - Finished iteration ['Whenever', 'cards', 'are', 'fused', 'to', 'this', 'card', ',', 'summon', 'a', 'Puppet', 'and', 'give', 'it', '+', '1', '/', '+', '0', '.', '\n']
[INFO] [base] - Finished iteration ['-', '-', '-', '-', '-', '-', '-', '-', '-', '-', '\n']
[INFO] [base.subeffect] - Parsing subeffects with Tokens ['If', 'this', 'card', 'is', 'fused', 'with', 'at', 'least', '1', 'card', ',', 'summon', 'a', 'Lloyd', ',', "Orchis's", 'Puppet', '.', 'If', 'fused', 'with', 'at', 'least', '3', 'cards', ',', 'evolve', 'it', 'and', 'this', 'follower', '.']
[INFO] [base.subeffect] - Starting new loop of effect parsing
[INFO] [base.subeffect.If] - Starting if with ['If', 'this', 'card', 'is', 'fused', 'with', 'at', 'least', '1', 'card', ',', 'summon', 'a', 'Lloyd', ',', "Orchis's", 'Puppet', '.', 'If', 'fused', 'with', 'at', 'least', '3', 'cards', ',', 'evolve', 'it', 'and', 'this', 'follower', '.']
[INFO] [base.subeffect.If.condition] - Entered conditions with tokens ['this', 'card', 'is', 'fused', 'with', 'at', 'least', '1', 'card', ',', 'summon', 'a', 'Lloyd', ',', "Orchis's", 'Puppet', '.', 'If', 'fused', 'with', 'at', 'least', '3', 'cards', ',', 'evolve', 'it', 'and', 'this', 'follower', '.']
[INFO] [base.subeffect.If.condition] - After Popping ['summon', 'a', 'Lloyd', ',', "Orchis's", 'Puppet', '.', 'If', 'fused', 'with', 'at', 'least', '3', 'cards', ',', 'evolve', 'it', 'and', 'this', 'follower', '.']
[INFO] [base.subeffect.If] - Parsing if subeffect ['summon', 'a', 'Lloyd', ',', "Orchis's", 'Puppet']
[INFO] [base.subeffect.If.subeffect] - Parsing subeffects with Tokens ['summon', 'a', 'Lloyd', ',', "Orchis's", 'Puppet']
[INFO] [base.subeffect.If.subeffect] - Starting new loop of effect parsing
[INFO] [base.subeffect.If.subeffect.Summon] - Entered with tokens ['summon', 'a', 'Lloyd', ',', "Orchis's", 'Puppet']
[INFO] [base.subeffect.If.subeffect.Summon.parseCards] - Entered with tokens: ['a', 'Lloyd', ',', "Orchis's", 'Puppet']
[INFO] [base.subeffect.If.subeffect.Summon.parseCards] - Unit stack ['Lloyd', ',', "Orchis's", 'Puppet']
[INFO] [base.subeffect.If.subeffect] - Found {'type': 'Summon', 'effects': [{'quantifer': 'a', 'type': 'NamedCard', 'cardname': "Lloyd , Orchis's Puppet"}]}
[INFO] [base.subeffect.If.subeffect] - Exiting with tokens: []
[INFO] [base.subeffect] - Found {'type': 'If', 'effects': {'conditions': [{'type': 'FusionAction', 'amountToTrigger': 1}], 'then': [{'type': 'Summon', 'effects': [{'quantifer': 'a', 'type': 'NamedCard', 'cardname': "Lloyd , Orchis's Puppet"}]}]}}
[INFO] [base.subeffect] - Starting new loop of effect parsing
[INFO] [base.subeffect.If] - Starting if with ['If', 'fused', 'with', 'at', 'least', '3', 'cards', ',', 'evolve', 'it', 'and', 'this', 'follower', '.']
[INFO] [base.subeffect.If.condition] - Entered conditions with tokens ['fused', 'with', 'at', 'least', '3', 'cards', ',', 'evolve', 'it', 'and', 'this', 'follower', '.']
[INFO] [base.subeffect.If.condition] - After Popping ['evolve', 'it', 'and', 'this', 'follower', '.']
[INFO] [base.subeffect.If] - Parsing if subeffect ['evolve', 'it', 'and', 'this', 'follower']
[INFO] [base.subeffect.If.subeffect] - Parsing subeffects with Tokens ['evolve', 'it', 'and', 'this', 'follower']
[INFO] [base.subeffect.If.subeffect] - Starting new loop of effect parsing
[INFO] [base.subeffect.If.subeffect.Evolve] - Entering evolve with ['evolve', 'it', 'and', 'this', 'follower']
[INFO] [base.subeffect.If.subeffect] - Found {'type': 'Evolve', 'effects': ['it', 'and', 'this']}
[INFO] [base.subeffect.If.subeffect] - Exiting with tokens: []
[INFO] [base.subeffect] - Found {'type': 'If', 'effects': {'conditions': [{'type': 'FusionAction', 'amountToTrigger': '3'}], 'then': [{'type': 'Evolve', 'effects': ['it', 'and', 'this']}]}}
[INFO] [base.subeffect] - Exiting with tokens: []
[INFO] [base] - Finished iteration ['Fanfare', ':', 'If', 'this', 'card', 'is', 'fused', 'with', 'at', 'least', '1', 'card', ',', 'summon', 'a', 'Lloyd', ',', "Orchis's", 'Puppet', '.', 'If', 'fused', 'with', 'at', 'least', '3', 'cards', ',', 'evolve', 'it', 'and', 'this', 'follower', '.']
[INFO] [base] - [
    {
        "type": "Fusion",
        "cardTypes": [
            "Puppets",
            "\n"
        ]
    },
    {
        "type": "Whenever",
        "effects": {
            "conditions": [
                {
                    "type": "FusionAction",
                    "amountToTrigger": 1
                }
            ],
            "then": [
                {
                    "type": "Summon",
                    "effects": [
                        {
                            "quantifer": "a",
                            "type": "NamedCard",
                            "cardname": "Puppet",
                            "effects": [
                                {
                                    "type": "Give",
                                    "effects": [
                                        [
                                            {
                                                "type": "StatChange",
                                                "operation": "+",
                                                "amount": "1"
                                            },
                                            {
                                                "type": "StatChange",
                                                "operation": "+",
                                                "amount": "0"
                                            }
                                        ]
                                    ],
                                    "target": "parent"
                                }
                            ]
                        }
                    ]
                }
            ]
        }
    },
    {
        "type": "Fanfare",
        "effects": [
            {
                "type": "If",
                "effects": {
                    "conditions": [
                        {
                            "type": "FusionAction",
                            "amountToTrigger": 1
                        }
                    ],
                    "then": [
                        {
                            "type": "Summon",
                            "effects": [
                                {
                                    "quantifer": "a",
                                    "type": "NamedCard",
                                    "cardname": "Lloyd , Orchis's Puppet"
                                }
                            ]
                        }
                    ]
                }
            },
            {
                "type": "If",
                "effects": {
                    "conditions": [
                        {
                            "type": "FusionAction",
                            "amountToTrigger": "3"
                        }
                    ],
                    "then": [
                        {
                            "type": "Evolve",
                            "effects": [
                                "it",
                                "and",
                                "this"
                            ]
                        }
                    ]
                }
            }
        ]
    }
]
